TN:
SF:/home/travis/build/jcoreio/find-cycle/directed.js
FN:3,findDirectedCycle
FN:7,connected
FNF:2
FNH:2
FNDA:14,findDirectedCycle
FNDA:94,connected
DA:8,94
DA:9,94
DA:10,93
DA:11,4
DA:14,14
DA:16,14
DA:17,14
DA:18,14
DA:20,14
DA:21,30
DA:22,18
DA:23,18
DA:24,18
DA:25,18
DA:27,18
DA:28,148
DA:29,148
DA:30,148
DA:31,43
DA:32,43
DA:33,43
DA:34,43
DA:36,105
DA:37,105
DA:38,105
DA:40,13
DA:42,92
DA:43,76
DA:44,76
DA:45,76
DA:46,76
DA:50,1
DA:53,1
LF:33
LH:33
BRDA:9,0,0,1
BRDA:9,0,1,93
BRDA:10,1,0,89
BRDA:10,1,1,4
BRDA:21,2,0,12
BRDA:21,2,1,18
BRDA:30,3,0,43
BRDA:30,3,1,105
BRDA:38,4,0,13
BRDA:38,4,1,92
BRDA:42,5,0,16
BRDA:42,5,1,76
BRF:12
BRH:12
end_of_record
